fatal: Error al conectarse a la Base de Datos: 27/7/2024 - 22:03:40
fatal: Error al conectarse a la Base de Datos: 27/7/2024 - 22:31:21
fatal: Error al conectarse a la Base de Datos: 27/7/2024 - 22:42:24
error: Error al eliminar el producto de la DB
fatal: Error al conectarse a la Base de Datos: 28/7/2024 - 0:25:08
error: Error al eliminar el producto de la DB
fatal: Error al conectarse a la Base de Datos: 28/7/2024 - 0:26:08
error: Error al eliminar el producto de la Base de Datos: 28/7/2024 - 0:26:08
fatal: Error al conectarse a la Base de Datos: 28/7/2024 - 0:38:49
fatal: Error al conectarse a la Base de Datos; 28/7/2024 - 0:41:47
error: Error al eliminar el producto de la Base de Datos; 28/7/2024 - 0:41:47
fatal: Error al conectarse a la Base de Datos; 28/7/2024 - 0:41:48
error: Error al eliminar el producto de la Base de Datos; 28/7/2024 - 0:41:48
fatal: Error al conectarse a la Base de Datos; 28/7/2024 - 0:42:30
error: Error al eliminar el producto de la Base de Datos; 28/7/2024 - 0:42:30
fatal: Error al conectarse a la Base de Datos; 28/7/2024 - 0:53:30
error: Error al eliminar el producto de la Base de Datos; 28/7/2024 - 0:53:30
fatal: Error al conectarse a la Base de Datos; 28/7/2024 - 0:53:31
error: Error al eliminar el producto de la Base de Datos; 28/7/2024 - 0:53:31
fatal: Error al conectarse a la Base de Datos; 28/7/2024 - 0:54:07
error: Error al eliminar el producto de la Base de Datos; 28/7/2024 - 0:54:07
fatal: Error al conectarse a la Base de Datos; 28/7/2024 - 0:54:07
error: Error al eliminar el producto de la Base de Datos; 28/7/2024 - 0:54:07
fatal: Error al conectarse a la Base de Datos; 28/7/2024 - 0:54:18
error: Error al eliminar el producto de la Base de Datos; 28/7/2024 - 0:54:18
fatal: Error al conectarse a la Base de Datos; 28/7/2024 - 0:54:20
error: Error al eliminar el producto de la Base de Datos; 28/7/2024 - 0:54:20
fatal: Error al conectarse a la Base de Datos; 28/7/2024 - 0:58:56
error: Error al eliminar el producto de la Base de Datos; 28/7/2024 - 0:58:56
fatal: Error al conectarse a la Base de Datos; 28/7/2024 - 0:59:45
error: Error al eliminar el producto de la Base de Datos; 28/7/2024 - 0:59:45
fatal: Error al conectarse a la Base de Datos; 28/7/2024 - 1:01:50
error: Error al eliminar el producto de la Base de Datos; 28/7/2024 - 1:01:50
fatal: Error al conectarse a la Base de Datos; 28/7/2024 - 1:07:52
error: Error al eliminar el producto de la Base de Datos; 28/7/2024 - 1:07:52
fatal: Error al conectarse a la Base de Datos; 28/7/2024 - 1:08:03
error: Error al eliminar el producto de la Base de Datos; 28/7/2024 - 1:08:03
fatal: Error al conectarse a la Base de Datos; 28/7/2024 - 1:09:35
error: Error al eliminar el producto de la Base de Datos; 28/7/2024 - 1:09:35
